<?xml version="1.0" encoding="utf-8"?>
<!DOCTYPE coverage SYSTEM "http://cobertura.sourceforge.net/xml/coverage-04.dtd">
<coverage line-rate="0.1981672394043528" branch-rate="0.24509803921568626" lines-covered="173" lines-valid="873" branches-covered="50" branches-valid="204" complexity="410" version="0" timestamp="1769434373">
  <sources>
    <source>/home/kenneth/Projects/GameVM/src/</source>
  </sources>
  <packages>
    <package name="GameVM.Compiler.Application" line-rate="0" branch-rate="0" complexity="26">
      <classes>
        <class name="GameVM.Compiler.Application.CompilationOptions" filename="/home/kenneth/Projects/GameVM/src/GameVM.Compiler.Application/CompileUseCase.cs" line-rate="0" branch-rate="1" complexity="5">
          <methods>
            <method name="get_Target" signature="()" line-rate="0" branch-rate="1" complexity="1">
              <lines>
                <line number="190" hits="0" branch="false" />
              </lines>
            </method>
            <method name="get_DispatchStrategy" signature="()" line-rate="0" branch-rate="1" complexity="1">
              <lines>
                <line number="195" hits="0" branch="false" />
              </lines>
            </method>
            <method name="get_GenerateDebugInfo" signature="()" line-rate="0" branch-rate="1" complexity="1">
              <lines>
                <line number="200" hits="0" branch="false" />
              </lines>
            </method>
            <method name="get_Optimize" signature="()" line-rate="0" branch-rate="1" complexity="1">
              <lines>
                <line number="205" hits="0" branch="false" />
              </lines>
            </method>
            <method name="get_OptimizationLevel" signature="()" line-rate="0" branch-rate="1" complexity="1">
              <lines>
                <line number="210" hits="0" branch="false" />
              </lines>
            </method>
          </methods>
          <lines>
            <line number="190" hits="0" branch="false" />
            <line number="195" hits="0" branch="false" />
            <line number="200" hits="0" branch="false" />
            <line number="205" hits="0" branch="false" />
            <line number="210" hits="0" branch="false" />
          </lines>
        </class>
        <class name="GameVM.Compiler.Application.CompilationResult" filename="/home/kenneth/Projects/GameVM/src/GameVM.Compiler.Application/CompileUseCase.cs" line-rate="0" branch-rate="1" complexity="5">
          <methods>
            <method name="get_Success" signature="()" line-rate="0" branch-rate="1" complexity="1">
              <lines>
                <line number="221" hits="0" branch="false" />
              </lines>
            </method>
            <method name="get_Code" signature="()" line-rate="0" branch-rate="1" complexity="1">
              <lines>
                <line number="226" hits="0" branch="false" />
              </lines>
            </method>
            <method name="get_SourceFile" signature="()" line-rate="0" branch-rate="1" complexity="1">
              <lines>
                <line number="231" hits="0" branch="false" />
              </lines>
            </method>
            <method name="get_Target" signature="()" line-rate="0" branch-rate="1" complexity="1">
              <lines>
                <line number="236" hits="0" branch="false" />
              </lines>
            </method>
            <method name="get_ErrorMessage" signature="()" line-rate="0" branch-rate="1" complexity="1">
              <lines>
                <line number="241" hits="0" branch="false" />
              </lines>
            </method>
          </methods>
          <lines>
            <line number="221" hits="0" branch="false" />
            <line number="226" hits="0" branch="false" />
            <line number="231" hits="0" branch="false" />
            <line number="236" hits="0" branch="false" />
            <line number="241" hits="0" branch="false" />
          </lines>
        </class>
        <class name="GameVM.Compiler.Application.CompileRequest" filename="/home/kenneth/Projects/GameVM/src/GameVM.Compiler.Application/CompileRequest.cs" line-rate="0" branch-rate="1" complexity="1">
          <methods>
            <method name="get_SourceCode" signature="()" line-rate="0" branch-rate="1" complexity="1">
              <lines>
                <line number="3" hits="0" branch="false" />
              </lines>
            </method>
          </methods>
          <lines>
            <line number="3" hits="0" branch="false" />
          </lines>
        </class>
        <class name="GameVM.Compiler.Application.CompileUseCase" filename="/home/kenneth/Projects/GameVM/src/GameVM.Compiler.Application/CompileUseCase.cs" line-rate="0" branch-rate="0" complexity="15">
          <methods>
            <method name="CompileInternal" signature="(System.String,System.String,GameVM.Compiler.Application.CompilationOptions)" line-rate="0" branch-rate="0" complexity="6">
              <lines>
                <line number="50" hits="0" branch="false" />
                <line number="52" hits="0" branch="false" />
                <line number="54" hits="0" branch="false" />
                <line number="56" hits="0" branch="true" condition-coverage="0% (0/2)" />
                <line number="57" hits="0" branch="false" />
                <line number="58" hits="0" branch="false" />
                <line number="59" hits="0" branch="false" />
                <line number="60" hits="0" branch="false" />
                <line number="61" hits="0" branch="false" />
                <line number="62" hits="0" branch="false" />
                <line number="63" hits="0" branch="false" />
                <line number="64" hits="0" branch="false" />
                <line number="65" hits="0" branch="false" />
                <line number="69" hits="0" branch="false" />
                <line number="72" hits="0" branch="true" condition-coverage="0% (0/2)" />
                <line number="73" hits="0" branch="false" />
                <line number="74" hits="0" branch="false" />
                <line number="75" hits="0" branch="false" />
                <line number="78" hits="0" branch="false" />
                <line number="81" hits="0" branch="true" condition-coverage="0% (0/2)" />
                <line number="82" hits="0" branch="false" />
                <line number="83" hits="0" branch="false" />
                <line number="84" hits="0" branch="false" />
                <line number="87" hits="0" branch="false" />
                <line number="88" hits="0" branch="false" />
                <line number="89" hits="0" branch="false" />
                <line number="90" hits="0" branch="false" />
                <line number="91" hits="0" branch="false" />
                <line number="92" hits="0" branch="false" />
                <line number="93" hits="0" branch="false" />
                <line number="95" hits="0" branch="false" />
                <line number="97" hits="0" branch="false" />
                <line number="98" hits="0" branch="false" />
                <line number="99" hits="0" branch="false" />
                <line number="100" hits="0" branch="false" />
                <line number="101" hits="0" branch="false" />
                <line number="102" hits="0" branch="false" />
                <line number="103" hits="0" branch="false" />
                <line number="104" hits="0" branch="false" />
                <line number="106" hits="0" branch="false" />
                <line number="107" hits="0" branch="false" />
                <line number="108" hits="0" branch="false" />
                <line number="109" hits="0" branch="false" />
                <line number="110" hits="0" branch="false" />
                <line number="111" hits="0" branch="false" />
                <line number="112" hits="0" branch="false" />
                <line number="113" hits="0" branch="false" />
                <line number="114" hits="0" branch="false" />
                <line number="115" hits="0" branch="false" />
                <line number="117" hits="0" branch="false" />
                <line number="118" hits="0" branch="false" />
                <line number="119" hits="0" branch="false" />
                <line number="120" hits="0" branch="false" />
                <line number="121" hits="0" branch="false" />
                <line number="122" hits="0" branch="false" />
                <line number="123" hits="0" branch="false" />
                <line number="124" hits="0" branch="false" />
                <line number="125" hits="0" branch="false" />
                <line number="126" hits="0" branch="false" />
                <line number="127" hits="0" branch="false" />
                <line number="129" hits="0" branch="false" />
              </lines>
            </method>
            <method name="Execute" signature="(System.String,System.String,GameVM.Compiler.Application.CompilationOptions)" line-rate="0" branch-rate="0" complexity="2">
              <lines>
                <line number="135" hits="0" branch="false" />
                <line number="136" hits="0" branch="true" condition-coverage="0% (0/2)" />
                <line number="137" hits="0" branch="false" />
                <line number="138" hits="0" branch="false" />
                <line number="140" hits="0" branch="false" />
                <line number="141" hits="0" branch="false" />
              </lines>
            </method>
            <method name="Execute" signature="(System.String,GameVM.Compiler.Application.CompilationOptions)" line-rate="0" branch-rate="1" complexity="1">
              <lines>
                <line number="150" hits="0" branch="false" />
                <line number="152" hits="0" branch="false" />
                <line number="153" hits="0" branch="false" />
                <line number="154" hits="0" branch="false" />
                <line number="155" hits="0" branch="false" />
                <line number="157" hits="0" branch="false" />
                <line number="158" hits="0" branch="false" />
                <line number="159" hits="0" branch="false" />
                <line number="160" hits="0" branch="false" />
                <line number="161" hits="0" branch="false" />
                <line number="162" hits="0" branch="false" />
                <line number="163" hits="0" branch="false" />
                <line number="164" hits="0" branch="false" />
                <line number="165" hits="0" branch="false" />
                <line number="166" hits="0" branch="false" />
                <line number="168" hits="0" branch="false" />
                <line number="169" hits="0" branch="false" />
                <line number="170" hits="0" branch="false" />
                <line number="171" hits="0" branch="false" />
                <line number="172" hits="0" branch="false" />
                <line number="173" hits="0" branch="false" />
                <line number="174" hits="0" branch="false" />
                <line number="175" hits="0" branch="false" />
                <line number="176" hits="0" branch="false" />
                <line number="177" hits="0" branch="false" />
                <line number="179" hits="0" branch="false" />
              </lines>
            </method>
            <method name=".ctor" signature="(GameVM.Compiler.Core.Interfaces.ILanguageFrontend,GameVM.Compiler.Application.Services.IMidLevelOptimizer,GameVM.Compiler.Application.Services.ILowLevelOptimizer,GameVM.Compiler.Core.IR.Interfaces.IIRTransformer`2&lt;GameVM.Compiler.Core.IR.MidLevelIR,GameVM.Compiler.Core.IR.LowLevelIR&gt;,GameVM.Compiler.Core.IR.Interfaces.ICodeGenerator)" line-rate="0" branch-rate="0" complexity="6">
              <lines>
                <line number="35" hits="0" branch="false" />
                <line number="36" hits="0" branch="false" />
                <line number="37" hits="0" branch="false" />
                <line number="38" hits="0" branch="false" />
                <line number="39" hits="0" branch="false" />
                <line number="40" hits="0" branch="false" />
                <line number="41" hits="0" branch="false" />
                <line number="42" hits="0" branch="true" condition-coverage="0% (0/2)" />
                <line number="43" hits="0" branch="true" condition-coverage="0% (0/2)" />
                <line number="44" hits="0" branch="true" condition-coverage="0% (0/2)" />
                <line number="45" hits="0" branch="false" />
                <line number="46" hits="0" branch="false" />
                <line number="47" hits="0" branch="false" />
              </lines>
            </method>
          </methods>
          <lines>
            <line number="35" hits="0" branch="false" />
            <line number="36" hits="0" branch="false" />
            <line number="37" hits="0" branch="false" />
            <line number="38" hits="0" branch="false" />
            <line number="39" hits="0" branch="false" />
            <line number="40" hits="0" branch="false" />
            <line number="41" hits="0" branch="false" />
            <line number="42" hits="0" branch="true" condition-coverage="0% (0/2)" />
            <line number="43" hits="0" branch="true" condition-coverage="0% (0/2)" />
            <line number="44" hits="0" branch="true" condition-coverage="0% (0/2)" />
            <line number="45" hits="0" branch="false" />
            <line number="46" hits="0" branch="false" />
            <line number="47" hits="0" branch="false" />
            <line number="50" hits="0" branch="false" />
            <line number="52" hits="0" branch="false" />
            <line number="54" hits="0" branch="false" />
            <line number="56" hits="0" branch="true" condition-coverage="0% (0/2)" />
            <line number="57" hits="0" branch="false" />
            <line number="58" hits="0" branch="false" />
            <line number="59" hits="0" branch="false" />
            <line number="60" hits="0" branch="false" />
            <line number="61" hits="0" branch="false" />
            <line number="62" hits="0" branch="false" />
            <line number="63" hits="0" branch="false" />
            <line number="64" hits="0" branch="false" />
            <line number="65" hits="0" branch="false" />
            <line number="69" hits="0" branch="false" />
            <line number="72" hits="0" branch="true" condition-coverage="0% (0/2)" />
            <line number="73" hits="0" branch="false" />
            <line number="74" hits="0" branch="false" />
            <line number="75" hits="0" branch="false" />
            <line number="78" hits="0" branch="false" />
            <line number="81" hits="0" branch="true" condition-coverage="0% (0/2)" />
            <line number="82" hits="0" branch="false" />
            <line number="83" hits="0" branch="false" />
            <line number="84" hits="0" branch="false" />
            <line number="87" hits="0" branch="false" />
            <line number="88" hits="0" branch="false" />
            <line number="89" hits="0" branch="false" />
            <line number="90" hits="0" branch="false" />
            <line number="91" hits="0" branch="false" />
            <line number="92" hits="0" branch="false" />
            <line number="93" hits="0" branch="false" />
            <line number="95" hits="0" branch="false" />
            <line number="97" hits="0" branch="false" />
            <line number="98" hits="0" branch="false" />
            <line number="99" hits="0" branch="false" />
            <line number="100" hits="0" branch="false" />
            <line number="101" hits="0" branch="false" />
            <line number="102" hits="0" branch="false" />
            <line number="103" hits="0" branch="false" />
            <line number="104" hits="0" branch="false" />
            <line number="106" hits="0" branch="false" />
            <line number="107" hits="0" branch="false" />
            <line number="108" hits="0" branch="false" />
            <line number="109" hits="0" branch="false" />
            <line number="110" hits="0" branch="false" />
            <line number="111" hits="0" branch="false" />
            <line number="112" hits="0" branch="false" />
            <line number="113" hits="0" branch="false" />
            <line number="114" hits="0" branch="false" />
            <line number="115" hits="0" branch="false" />
            <line number="117" hits="0" branch="false" />
            <line number="118" hits="0" branch="false" />
            <line number="119" hits="0" branch="false" />
            <line number="120" hits="0" branch="false" />
            <line number="121" hits="0" branch="false" />
            <line number="122" hits="0" branch="false" />
            <line number="123" hits="0" branch="false" />
            <line number="124" hits="0" branch="false" />
            <line number="125" hits="0" branch="false" />
            <line number="126" hits="0" branch="false" />
            <line number="127" hits="0" branch="false" />
            <line number="129" hits="0" branch="false" />
            <line number="135" hits="0" branch="false" />
            <line number="136" hits="0" branch="true" condition-coverage="0% (0/2)" />
            <line number="137" hits="0" branch="false" />
            <line number="138" hits="0" branch="false" />
            <line number="140" hits="0" branch="false" />
            <line number="141" hits="0" branch="false" />
            <line number="150" hits="0" branch="false" />
            <line number="152" hits="0" branch="false" />
            <line number="153" hits="0" branch="false" />
            <line number="154" hits="0" branch="false" />
            <line number="155" hits="0" branch="false" />
            <line number="157" hits="0" branch="false" />
            <line number="158" hits="0" branch="false" />
            <line number="159" hits="0" branch="false" />
            <line number="160" hits="0" branch="false" />
            <line number="161" hits="0" branch="false" />
            <line number="162" hits="0" branch="false" />
            <line number="163" hits="0" branch="false" />
            <line number="164" hits="0" branch="false" />
            <line number="165" hits="0" branch="false" />
            <line number="166" hits="0" branch="false" />
            <line number="168" hits="0" branch="false" />
            <line number="169" hits="0" branch="false" />
            <line number="170" hits="0" branch="false" />
            <line number="171" hits="0" branch="false" />
            <line number="172" hits="0" branch="false" />
            <line number="173" hits="0" branch="false" />
            <line number="174" hits="0" branch="false" />
            <line number="175" hits="0" branch="false" />
            <line number="176" hits="0" branch="false" />
            <line number="177" hits="0" branch="false" />
            <line number="179" hits="0" branch="false" />
          </lines>
        </class>
      </classes>
    </package>
    <package name="GameVM.Compiler.Backend.Atari2600" line-rate="0.6551724137931034" branch-rate="0.6206896551724138" complexity="62">
      <classes>
        <class name="GameVM.Compiler.Backend.Atari2600.Atari2600CodeGenerator" filename="/home/kenneth/Projects/GameVM/src/GameVM.Compiler.Backend.Atari2600/Atari2600CodeGenerator.cs" line-rate="0" branch-rate="0" complexity="17">
          <methods>
            <method name="Generate" signature="(GameVM.Compiler.Core.IR.LowLevelIR,GameVM.Compiler.Core.IR.Interfaces.CodeGenOptions)" line-rate="0" branch-rate="1" complexity="1">
              <lines>
                <line number="12" hits="0" branch="false" />
                <line number="13" hits="0" branch="false" />
                <line number="14" hits="0" branch="false" />
              </lines>
            </method>
            <method name="GenerateBytecode" signature="(GameVM.Compiler.Core.IR.LowLevelIR,GameVM.Compiler.Core.IR.Interfaces.CodeGenOptions)" line-rate="0" branch-rate="0" complexity="8">
              <lines>
                <line number="17" hits="0" branch="false" />
                <line number="18" hits="0" branch="false" />
                <line number="21" hits="0" branch="true" condition-coverage="0% (0/2)" />
                <line number="22" hits="0" branch="false" />
                <line number="23" hits="0" branch="false" />
                <line number="24" hits="0" branch="false" />
                <line number="27" hits="0" branch="true" condition-coverage="0% (0/2)" />
                <line number="28" hits="0" branch="false" />
                <line number="29" hits="0" branch="true" condition-coverage="0% (0/2)" />
                <line number="30" hits="0" branch="false" />
                <line number="31" hits="0" branch="true" condition-coverage="0% (0/2)" />
                <line number="32" hits="0" branch="false" />
                <line number="33" hits="0" branch="false" />
                <line number="34" hits="0" branch="false" />
                <line number="35" hits="0" branch="false" />
                <line number="36" hits="0" branch="false" />
                <line number="38" hits="0" branch="false" />
                <line number="39" hits="0" branch="false" />
                <line number="41" hits="0" branch="false" />
                <line number="42" hits="0" branch="false" />
                <line number="45" hits="0" branch="false" />
                <line number="46" hits="0" branch="false" />
                <line number="47" hits="0" branch="false" />
                <line number="48" hits="0" branch="false" />
                <line number="49" hits="0" branch="false" />
                <line number="50" hits="0" branch="false" />
                <line number="52" hits="0" branch="false" />
                <line number="53" hits="0" branch="false" />
              </lines>
            </method>
            <method name="ProcessInstruction" signature="(GameVM.Compiler.Core.IR.LowLevelIR/LLInstruction,System.Collections.Generic.List`1&lt;System.String&gt;)" line-rate="0" branch-rate="0" complexity="8">
              <lines>
                <line number="56" hits="0" branch="false" />
                <line number="57" hits="0" branch="true" condition-coverage="0% (0/2)" />
                <line number="58" hits="0" branch="false" />
                <line number="59" hits="0" branch="false" />
                <line number="60" hits="0" branch="false" />
                <line number="61" hits="0" branch="true" condition-coverage="0% (0/2)" />
                <line number="62" hits="0" branch="false" />
                <line number="63" hits="0" branch="false" />
                <line number="64" hits="0" branch="false" />
                <line number="65" hits="0" branch="true" condition-coverage="0% (0/2)" />
                <line number="66" hits="0" branch="false" />
                <line number="67" hits="0" branch="false" />
                <line number="68" hits="0" branch="false" />
                <line number="69" hits="0" branch="true" condition-coverage="0% (0/2)" />
                <line number="70" hits="0" branch="false" />
                <line number="71" hits="0" branch="false" />
                <line number="72" hits="0" branch="false" />
                <line number="73" hits="0" branch="false" />
              </lines>
            </method>
          </methods>
          <lines>
            <line number="12" hits="0" branch="false" />
            <line number="13" hits="0" branch="false" />
            <line number="14" hits="0" branch="false" />
            <line number="17" hits="0" branch="false" />
            <line number="18" hits="0" branch="false" />
            <line number="21" hits="0" branch="true" condition-coverage="0% (0/2)" />
            <line number="22" hits="0" branch="false" />
            <line number="23" hits="0" branch="false" />
            <line number="24" hits="0" branch="false" />
            <line number="27" hits="0" branch="true" condition-coverage="0% (0/2)" />
            <line number="28" hits="0" branch="false" />
            <line number="29" hits="0" branch="true" condition-coverage="0% (0/2)" />
            <line number="30" hits="0" branch="false" />
            <line number="31" hits="0" branch="true" condition-coverage="0% (0/2)" />
            <line number="32" hits="0" branch="false" />
            <line number="33" hits="0" branch="false" />
            <line number="34" hits="0" branch="false" />
            <line number="35" hits="0" branch="false" />
            <line number="36" hits="0" branch="false" />
            <line number="38" hits="0" branch="false" />
            <line number="39" hits="0" branch="false" />
            <line number="41" hits="0" branch="false" />
            <line number="42" hits="0" branch="false" />
            <line number="45" hits="0" branch="false" />
            <line number="46" hits="0" branch="false" />
            <line number="47" hits="0" branch="false" />
            <line number="48" hits="0" branch="false" />
            <line number="49" hits="0" branch="false" />
            <line number="50" hits="0" branch="false" />
            <line number="52" hits="0" branch="false" />
            <line number="53" hits="0" branch="false" />
            <line number="56" hits="0" branch="false" />
            <line number="57" hits="0" branch="true" condition-coverage="0% (0/2)" />
            <line number="58" hits="0" branch="false" />
            <line number="59" hits="0" branch="false" />
            <line number="60" hits="0" branch="false" />
            <line number="61" hits="0" branch="true" condition-coverage="0% (0/2)" />
            <line number="62" hits="0" branch="false" />
            <line number="63" hits="0" branch="false" />
            <line number="64" hits="0" branch="false" />
            <line number="65" hits="0" branch="true" condition-coverage="0% (0/2)" />
            <line number="66" hits="0" branch="false" />
            <line number="67" hits="0" branch="false" />
            <line number="68" hits="0" branch="false" />
            <line number="69" hits="0" branch="true" condition-coverage="0% (0/2)" />
            <line number="70" hits="0" branch="false" />
            <line number="71" hits="0" branch="false" />
            <line number="72" hits="0" branch="false" />
            <line number="73" hits="0" branch="false" />
          </lines>
        </class>
        <class name="GameVM.Compiler.Backend.Atari2600.M6502Emitter" filename="/home/kenneth/Projects/GameVM/src/GameVM.Compiler.Backend.Atari2600/M6502Emitter.cs" line-rate="0.8541666666666666" branch-rate="0.8333333333333334" complexity="18">
          <methods>
            <method name="Emit" signature="(System.Collections.Generic.List`1&lt;System.String&gt;)" line-rate="0.8541666666666666" branch-rate="0.8333333333333334" complexity="18">
              <lines>
                <line number="9" hits="12" branch="false" />
                <line number="10" hits="12" branch="false" />
                <line number="12" hits="68" branch="true" condition-coverage="100% (2/2)" />
                <line number="13" hits="16" branch="false" />
                <line number="14" hits="16" branch="false" />
                <line number="15" hits="16" branch="true" condition-coverage="100% (2/2)" />
                <line number="17" hits="16" branch="true" condition-coverage="100% (2/2)" />
                <line number="18" hits="8" branch="false" />
                <line number="19" hits="8" branch="false" />
                <line number="20" hits="8" branch="false" />
                <line number="22" hits="8" branch="true" condition-coverage="100% (2/2)" />
                <line number="23" hits="7" branch="false" />
                <line number="24" hits="7" branch="false" />
                <line number="25" hits="7" branch="false" />
                <line number="26" hits="1" branch="true" condition-coverage="50% (1/2)" />
                <line number="27" hits="1" branch="false" />
                <line number="28" hits="1" branch="false" />
                <line number="29" hits="1" branch="false" />
                <line number="30" hits="0" branch="true" condition-coverage="50% (1/2)" />
                <line number="31" hits="0" branch="false" />
                <line number="32" hits="0" branch="false" />
                <line number="33" hits="0" branch="false" />
                <line number="34" hits="8" branch="false" />
                <line number="35" hits="8" branch="true" condition-coverage="100% (2/2)" />
                <line number="36" hits="8" branch="false" />
                <line number="37" hits="8" branch="false" />
                <line number="38" hits="8" branch="false" />
                <line number="40" hits="8" branch="true" condition-coverage="50% (1/2)" />
                <line number="41" hits="8" branch="false" />
                <line number="42" hits="8" branch="false" />
                <line number="43" hits="8" branch="false" />
                <line number="45" hits="0" branch="false" />
                <line number="46" hits="0" branch="false" />
                <line number="47" hits="0" branch="false" />
                <line number="49" hits="8" branch="true" condition-coverage="100% (2/2)" />
                <line number="50" hits="5" branch="false" />
                <line number="52" hits="5" branch="false" />
                <line number="53" hits="5" branch="false" />
                <line number="54" hits="5" branch="false" />
                <line number="56" hits="3" branch="false" />
                <line number="58" hits="3" branch="false" />
                <line number="59" hits="3" branch="false" />
                <line number="60" hits="3" branch="false" />
                <line number="61" hits="3" branch="false" />
                <line number="62" hits="8" branch="false" />
                <line number="63" hits="16" branch="false" />
                <line number="65" hits="12" branch="false" />
                <line number="66" hits="12" branch="false" />
              </lines>
            </method>
          </methods>
          <lines>
            <line number="9" hits="12" branch="false" />
            <line number="10" hits="12" branch="false" />
            <line number="12" hits="68" branch="true" condition-coverage="100% (2/2)" />
            <line number="13" hits="16" branch="false" />
            <line number="14" hits="16" branch="false" />
            <line number="15" hits="16" branch="true" condition-coverage="100% (2/2)" />
            <line number="17" hits="16" branch="true" condition-coverage="100% (2/2)" />
            <line number="18" hits="8" branch="false" />
            <line number="19" hits="8" branch="false" />
            <line number="20" hits="8" branch="false" />
            <line number="22" hits="8" branch="true" condition-coverage="100% (2/2)" />
            <line number="23" hits="7" branch="false" />
            <line number="24" hits="7" branch="false" />
            <line number="25" hits="7" branch="false" />
            <line number="26" hits="1" branch="true" condition-coverage="50% (1/2)" />
            <line number="27" hits="1" branch="false" />
            <line number="28" hits="1" branch="false" />
            <line number="29" hits="1" branch="false" />
            <line number="30" hits="0" branch="true" condition-coverage="50% (1/2)" />
            <line number="31" hits="0" branch="false" />
            <line number="32" hits="0" branch="false" />
            <line number="33" hits="0" branch="false" />
            <line number="34" hits="8" branch="false" />
            <line number="35" hits="8" branch="true" condition-coverage="100% (2/2)" />
            <line number="36" hits="8" branch="false" />
            <line number="37" hits="8" branch="false" />
            <line number="38" hits="8" branch="false" />
            <line number="40" hits="8" branch="true" condition-coverage="50% (1/2)" />
            <line number="41" hits="8" branch="false" />
            <line number="42" hits="8" branch="false" />
            <line number="43" hits="8" branch="false" />
            <line number="45" hits="0" branch="false" />
            <line number="46" hits="0" branch="false" />
            <line number="47" hits="0" branch="false" />
            <line number="49" hits="8" branch="true" condition-coverage="100% (2/2)" />
            <line number="50" hits="5" branch="false" />
            <line number="52" hits="5" branch="false" />
            <line number="53" hits="5" branch="false" />
            <line number="54" hits="5" branch="false" />
            <line number="56" hits="3" branch="false" />
            <line number="58" hits="3" branch="false" />
            <line number="59" hits="3" branch="false" />
            <line number="60" hits="3" branch="false" />
            <line number="61" hits="3" branch="false" />
            <line number="62" hits="8" branch="false" />
            <line number="63" hits="16" branch="false" />
            <line number="65" hits="12" branch="false" />
            <line number="66" hits="12" branch="false" />
          </lines>
        </class>
        <class name="GameVM.Compiler.Backend.Atari2600.MidToLowLevelTransformer" filename="/home/kenneth/Projects/GameVM/src/GameVM.Compiler.Backend.Atari2600/MidToLowLevelTransformer.cs" line-rate="0.948051948051948" branch-rate="0.875" complexity="27">
          <methods>
            <method name="InitializeAddressMap" signature="()" line-rate="1" branch-rate="1" complexity="1">
              <lines>
                <line number="14" hits="32" branch="false" />
                <line number="15" hits="32" branch="false" />
                <line number="16" hits="32" branch="false" />
                <line number="19" hits="32" branch="false" />
                <line number="20" hits="32" branch="false" />
                <line number="21" hits="32" branch="false" />
                <line number="22" hits="32" branch="false" />
                <line number="23" hits="32" branch="false" />
              </lines>
            </method>
            <method name="Transform" signature="(GameVM.Compiler.Core.IR.MidLevelIR)" line-rate="1" branch-rate="1" complexity="6">
              <lines>
                <line number="26" hits="32" branch="false" />
                <line number="28" hits="32" branch="false" />
                <line number="30" hits="32" branch="false" />
                <line number="31" hits="32" branch="false" />
                <line number="34" hits="158" branch="true" condition-coverage="100% (2/2)" />
                <line number="35" hits="31" branch="false" />
                <line number="36" hits="31" branch="false" />
                <line number="37" hits="31" branch="false" />
                <line number="40" hits="161" branch="true" condition-coverage="100% (2/2)" />
                <line number="41" hits="34" branch="false" />
                <line number="43" hits="34" branch="false" />
                <line number="46" hits="234" branch="true" condition-coverage="100% (2/2)" />
                <line number="47" hits="66" branch="false" />
                <line number="48" hits="66" branch="false" />
                <line number="49" hits="66" branch="false" />
                <line number="50" hits="34" branch="false" />
                <line number="51" hits="31" branch="false" />
                <line number="53" hits="32" branch="false" />
                <line number="54" hits="32" branch="false" />
              </lines>
            </method>
            <method name="ProcessModule" signature="(GameVM.Compiler.Core.IR.MidLevelIR/MLModule)" line-rate="1" branch-rate="1" complexity="2">
              <lines>
                <line number="57" hits="31" branch="false" />
                <line number="58" hits="31" branch="false" />
                <line number="61" hits="161" branch="true" condition-coverage="100% (2/2)" />
                <line number="62" hits="34" branch="false" />
                <line number="63" hits="34" branch="false" />
                <line number="64" hits="34" branch="false" />
                <line number="65" hits="34" branch="false" />
                <line number="67" hits="31" branch="false" />
                <line number="68" hits="31" branch="false" />
              </lines>
            </method>
            <method name="ProcessFunction" signature="(GameVM.Compiler.Core.IR.MidLevelIR/MLFunction)" line-rate="1" branch-rate="1" complexity="2">
              <lines>
                <line number="71" hits="34" branch="false" />
                <line number="72" hits="34" branch="false" />
                <line number="75" hits="176" branch="true" condition-coverage="100% (2/2)" />
                <line number="76" hits="37" branch="false" />
                <line number="77" hits="37" branch="false" />
                <line number="78" hits="37" branch="false" />
                <line number="80" hits="34" branch="false" />
                <line number="81" hits="34" branch="false" />
              </lines>
            </method>
            <method name="ProcessInstruction" signature="(GameVM.Compiler.Core.IR.MidLevelIR/MLInstruction,GameVM.Compiler.Core.IR.LowLevelIR/LLFunction)" line-rate="0.75" branch-rate="0.7" complexity="10">
              <lines>
                <line number="84" hits="37" branch="false" />
                <line number="85" hits="37" branch="false" />
                <line number="87" hits="37" branch="true" condition-coverage="63% (5/8)" />
                <line number="90" hits="0" branch="false" />
                <line number="91" hits="0" branch="false" />
                <line number="93" hits="29" branch="false" />
                <line number="94" hits="29" branch="false" />
                <line number="96" hits="8" branch="false" />
                <line number="97" hits="8" branch="false" />
                <line number="99" hits="0" branch="false" />
                <line number="100" hits="0" branch="false" />
                <line number="103" hits="8" branch="true" condition-coverage="100% (2/2)" />
                <line number="104" hits="8" branch="false" />
                <line number="105" hits="8" branch="false" />
                <line number="106" hits="8" branch="false" />
                <line number="107" hits="37" branch="false" />
              </lines>
            </method>
            <method name="ProcessAssignment" signature="(GameVM.Compiler.Core.IR.MidLevelIR/MLAssign,GameVM.Compiler.Core.IR.LowLevelIR/LLFunction)" line-rate="1" branch-rate="1" complexity="1">
              <lines>
                <line number="110" hits="29" branch="false" />
                <line number="111" hits="29" branch="false" />
                <line number="112" hits="29" branch="false" />
                <line number="113" hits="29" branch="false" />
                <line number="114" hits="29" branch="false" />
              </lines>
            </method>
            <method name="MapToAddress" signature="(System.String)" line-rate="1" branch-rate="1" complexity="4">
              <lines>
                <line number="117" hits="29" branch="false" />
                <line number="118" hits="29" branch="true" condition-coverage="100% (2/2)" />
                <line number="119" hits="7" branch="false" />
                <line number="121" hits="22" branch="true" condition-coverage="100% (2/2)" />
                <line number="122" hits="3" branch="false" />
                <line number="125" hits="19" branch="false" />
                <line number="126" hits="19" branch="false" />
                <line number="127" hits="19" branch="false" />
                <line number="128" hits="19" branch="false" />
                <line number="129" hits="29" branch="false" />
              </lines>
            </method>
            <method name=".ctor" signature="()" line-rate="1" branch-rate="1" complexity="1">
              <lines>
                <line number="10" hits="32" branch="false" />
                <line number="11" hits="32" branch="false" />
              </lines>
            </method>
          </methods>
          <lines>
            <line number="10" hits="32" branch="false" />
            <line number="11" hits="32" branch="false" />
            <line number="14" hits="32" branch="false" />
            <line number="15" hits="32" branch="false" />
            <line number="16" hits="32" branch="false" />
            <line number="19" hits="32" branch="false" />
            <line number="20" hits="32" branch="false" />
            <line number="21" hits="32" branch="false" />
            <line number="22" hits="32" branch="false" />
            <line number="23" hits="32" branch="false" />
            <line number="26" hits="32" branch="false" />
            <line number="28" hits="32" branch="false" />
            <line number="30" hits="32" branch="false" />
            <line number="31" hits="32" branch="false" />
            <line number="34" hits="158" branch="true" condition-coverage="100% (2/2)" />
            <line number="35" hits="31" branch="false" />
            <line number="36" hits="31" branch="false" />
            <line number="37" hits="31" branch="false" />
            <line number="40" hits="161" branch="true" condition-coverage="100% (2/2)" />
            <line number="41" hits="34" branch="false" />
            <line number="43" hits="34" branch="false" />
            <line number="46" hits="234" branch="true" condition-coverage="100% (2/2)" />
            <line number="47" hits="66" branch="false" />
            <line number="48" hits="66" branch="false" />
            <line number="49" hits="66" branch="false" />
            <line number="50" hits="34" branch="false" />
            <line number="51" hits="31" branch="false" />
            <line number="53" hits="32" branch="false" />
            <line number="54" hits="32" branch="false" />
            <line number="57" hits="31" branch="false" />
            <line number="58" hits="31" branch="false" />
            <line number="61" hits="161" branch="true" condition-coverage="100% (2/2)" />
            <line number="62" hits="34" branch="false" />
            <line number="63" hits="34" branch="false" />
            <line number="64" hits="34" branch="false" />
            <line number="65" hits="34" branch="false" />
            <line number="67" hits="31" branch="false" />
            <line number="68" hits="31" branch="false" />
            <line number="71" hits="34" branch="false" />
            <line number="72" hits="34" branch="false" />
            <line number="75" hits="176" branch="true" condition-coverage="100% (2/2)" />
            <line number="76" hits="37" branch="false" />
            <line number="77" hits="37" branch="false" />
            <line number="78" hits="37" branch="false" />
            <line number="80" hits="34" branch="false" />
            <line number="81" hits="34" branch="false" />
            <line number="84" hits="37" branch="false" />
            <line number="85" hits="37" branch="false" />
            <line number="87" hits="37" branch="true" condition-coverage="63% (5/8)" />
            <line number="90" hits="0" branch="false" />
            <line number="91" hits="0" branch="false" />
            <line number="93" hits="29" branch="false" />
            <line number="94" hits="29" branch="false" />
            <line number="96" hits="8" branch="false" />
            <line number="97" hits="8" branch="false" />
            <line number="99" hits="0" branch="false" />
            <line number="100" hits="0" branch="false" />
            <line number="103" hits="8" branch="true" condition-coverage="100% (2/2)" />
            <line number="104" hits="8" branch="false" />
            <line number="105" hits="8" branch="false" />
            <line number="106" hits="8" branch="false" />
            <line number="107" hits="37" branch="false" />
            <line number="110" hits="29" branch="false" />
            <line number="111" hits="29" branch="false" />
            <line number="112" hits="29" branch="false" />
            <line number="113" hits="29" branch="false" />
            <line number="114" hits="29" branch="false" />
            <line number="117" hits="29" branch="false" />
            <line number="118" hits="29" branch="true" condition-coverage="100% (2/2)" />
            <line number="119" hits="7" branch="false" />
            <line number="121" hits="22" branch="true" condition-coverage="100% (2/2)" />
            <line number="122" hits="3" branch="false" />
            <line number="125" hits="19" branch="false" />
            <line number="126" hits="19" branch="false" />
            <line number="127" hits="19" branch="false" />
            <line number="128" hits="19" branch="false" />
            <line number="129" hits="29" branch="false" />
          </lines>
        </class>
      </classes>
    </package>
    <package name="GameVM.Compiler.Core" line-rate="0.04411764705882353" branch-rate="0" complexity="306">
      <classes>
        <class name="GameVM.Compiler.Core.CodeGen.DefaultCodeGenerator" filename="/home/kenneth/Projects/GameVM/src/GameVM.Compiler.Core/CodeGen/DefaultCodeGenerator.cs" line-rate="0" branch-rate="0" complexity="4">
          <methods>
            <method name="Generate" signature="(GameVM.Compiler.Core.IR.LowLevelIR,GameVM.Compiler.Core.IR.Interfaces.CodeGenOptions)" line-rate="0" branch-rate="0" complexity="2">
              <lines>
                <line number="14" hits="0" branch="false" />
                <line number="15" hits="0" branch="true" condition-coverage="0% (0/2)" />
                <line number="16" hits="0" branch="false" />
                <line number="18" hits="0" branch="false" />
                <line number="19" hits="0" branch="false" />
              </lines>
            </method>
            <method name="GenerateBytecode" signature="(GameVM.Compiler.Core.IR.LowLevelIR,GameVM.Compiler.Core.IR.Interfaces.CodeGenOptions)" line-rate="0" branch-rate="0" complexity="2">
              <lines>
                <line number="22" hits="0" branch="false" />
                <line number="23" hits="0" branch="true" condition-coverage="0% (0/2)" />
                <line number="24" hits="0" branch="false" />
                <line number="26" hits="0" branch="false" />
                <line number="27" hits="0" branch="false" />
              </lines>
            </method>
          </methods>
          <lines>
            <line number="14" hits="0" branch="false" />
            <line number="15" hits="0" branch="true" condition-coverage="0% (0/2)" />
            <line number="16" hits="0" branch="false" />
            <line number="18" hits="0" branch="false" />
            <line number="19" hits="0" branch="false" />
            <line number="22" hits="0" branch="false" />
            <line number="23" hits="0" branch="true" condition-coverage="0% (0/2)" />
            <line number="24" hits="0" branch="false" />
            <line number="26" hits="0" branch="false" />
            <line number="27" hits="0" branch="false" />
          </lines>
        </class>
        <class name="GameVM.Compiler.Core.Exceptions.CompilerException" filename="/home/kenneth/Projects/GameVM/src/GameVM.Compiler.Core/Exceptions/CompilerException.cs" line-rate="0" branch-rate="1" complexity="2">
          <methods>
            <method name=".ctor" signature="(System.String)" line-rate="0" branch-rate="1" complexity="1">
              <lines>
                <line number="7" hits="0" branch="false" />
                <line number="8" hits="0" branch="false" />
                <line number="9" hits="0" branch="false" />
              </lines>
            </method>
            <method name=".ctor" signature="(System.String,System.Exception)" line-rate="0" branch-rate="1" complexity="1">
              <lines>
                <line number="11" hits="0" branch="false" />
                <line number="12" hits="0" branch="false" />
                <line number="13" hits="0" branch="false" />
              </lines>
            </method>
          </methods>
          <lines>
            <line number="7" hits="0" branch="false" />
            <line number="8" hits="0" branch="false" />
            <line number="9" hits="0" branch="false" />
            <line number="11" hits="0" branch="false" />
            <line number="12" hits="0" branch="false" />
            <line number="13" hits="0" branch="false" />
          </lines>
        </class>
        <class name="GameVM.Compiler.Core.Exceptions.ParserException" filename="/home/kenneth/Projects/GameVM/src/GameVM.Compiler.Core/Exceptions/ParserException.cs" line-rate="0" branch-rate="1" complexity="2">
          <methods>
            <method name=".ctor" signature="(System.String)" line-rate="0" branch-rate="1" complexity="1">
              <lines>
                <line number="7" hits="0" branch="false" />
                <line number="8" hits="0" branch="false" />
                <line number="9" hits="0" branch="false" />
              </lines>
            </method>
            <method name=".ctor" signature="(System.String,System.Exception)" line-rate="0" branch-rate="1" complexity="1">
              <lines>
                <line number="11" hits="0" branch="false" />
                <line number="12" hits="0" branch="false" />
                <line number="13" hits="0" branch="false" />
              </lines>
            </method>
          </methods>
          <lines>
            <line number="7" hits="0" branch="false" />
            <line number="8" hits="0" branch="false" />
            <line number="9" hits="0" branch="false" />
            <line number="11" hits="0" branch="false" />
            <line number="12" hits="0" branch="false" />
            <line number="13" hits="0" branch="false" />
          </lines>
        </class>
        <class name="GameVM.Compiler.Core.IR.HighLevelIR" filename="/home/kenneth/Projects/GameVM/src/GameVM.Compiler.Core/IR/HighLevelIR.cs" line-rate="0" branch-rate="0" complexity="140">
          <methods>
            <method name="get_SourceFile" signature="()" line-rate="0" branch-rate="1" complexity="1">
              <lines>
                <line number="19" hits="0" branch="false" />
              </lines>
            </method>
            <method name="get_TopLevel" signature="()" line-rate="0" branch-rate="1" complexity="1">
              <lines>
                <line number="24" hits="0" branch="false" />
              </lines>
            </method>
            <method name="get_Globals" signature="()" line-rate="0" branch-rate="1" complexity="1">
              <lines>
                <line number="29" hits="0" branch="false" />
              </lines>
            </method>
            <method name="get_Errors" signature="()" line-rate="0" branch-rate="1" complexity="1">
              <lines>
                <line number="34" hits="0" branch="false" />
              </lines>
            </method>
            <method name="get_Modules" signature="()" line-rate="0" branch-rate="1" complexity="1">
              <lines>
                <line number="39" hits="0" branch="false" />
              </lines>
            </method>
            <method name="get_GlobalTypes" signature="()" line-rate="0" branch-rate="1" complexity="1">
              <lines>
                <line number="44" hits="0" branch="false" />
              </lines>
            </method>
            <method name="get_Types" signature="()" line-rate="0" branch-rate="1" complexity="1">
              <lines>
                <line number="46" hits="0" branch="false" />
              </lines>
            </method>
            <method name="get_GlobalFunctions" signature="()" line-rate="0" branch-rate="1" complexity="1">
              <lines>
                <line number="51" hits="0" branch="false" />
              </lines>
            </method>
            <method name="get_Name" signature="()" line-rate="0" branch-rate="1" complexity="1">
              <lines>
                <line number="61" hits="0" branch="false" />
              </lines>
            </method>
            <method name="get_Functions" signature="()" line-rate="0" branch-rate="1" complexity="1">
              <lines>
                <line number="66" hits="0" branch="false" />
              </lines>
            </method>
            <method name="get_Types" signature="()" line-rate="0" branch-rate="1" complexity="1">
              <lines>
                <line number="71" hits="0" branch="false" />
              </lines>
            </method>
            <method name="get_Variables" signature="()" line-rate="0" branch-rate="1" complexity="1">
              <lines>
                <line number="76" hits="0" branch="false" />
              </lines>
            </method>
            <method name="get_SourceFile" signature="()" line-rate="0" branch-rate="1" complexity="1">
              <lines>
                <line number="81" hits="0" branch="false" />
              </lines>
            </method>
            <method name="get_Type" signature="()" line-rate="0" branch-rate="1" complexity="1">
              <lines>
                <line number="82" hits="0" branch="false" />
              </lines>
            </method>
            <method name=".ctor" signature="()" line-rate="0" branch-rate="1" complexity="1">
              <lines>
                <line number="84" hits="0" branch="false" />
              </lines>
            </method>
            <method name=".ctor" signature="(System.String,GameVM.Compiler.Core.IR.HighLevelIR/HlType,System.String)" line-rate="0" branch-rate="1" complexity="1">
              <lines>
                <line number="85" hits="0" branch="false" />
                <line number="86" hits="0" branch="false" />
                <line number="87" hits="0" branch="false" />
                <line number="88" hits="0" branch="false" />
                <line number="89" hits="0" branch="false" />
                <line number="90" hits="0" branch="false" />
              </lines>
            </method>
            <method name=".ctor" signature="(System.String,System.String,System.String)" line-rate="0" branch-rate="1" complexity="1">
              <lines>
                <line number="92" hits="0" branch="false" />
                <line number="93" hits="0" branch="false" />
                <line number="94" hits="0" branch="false" />
                <line number="95" hits="0" branch="false" />
                <line number="96" hits="0" branch="false" />
                <line number="97" hits="0" branch="false" />
              </lines>
            </method>
            <method name=".ctor" signature="(System.String,System.String)" line-rate="0" branch-rate="1" complexity="1">
              <lines>
                <line number="99" hits="0" branch="false" />
              </lines>
            </method>
            <method name="get_SourceFile" signature="()" line-rate="0" branch-rate="1" complexity="1">
              <lines>
                <line number="105" hits="0" branch="false" />
              </lines>
            </method>
            <method name="op_Implicit" signature="(System.String)" line-rate="0" branch-rate="1" complexity="1">
              <lines>
                <line number="118" hits="0" branch="false" />
              </lines>
            </method>
            <method name=".ctor" signature="()" line-rate="0" branch-rate="1" complexity="1">
              <lines>
                <line number="107" hits="0" branch="false" />
              </lines>
            </method>
            <method name=".ctor" signature="(System.String,System.String)" line-rate="0" branch-rate="1" complexity="1">
              <lines>
                <line number="109" hits="0" branch="false" />
                <line number="110" hits="0" branch="false" />
                <line number="111" hits="0" branch="false" />
                <line number="112" hits="0" branch="false" />
                <line number="113" hits="0" branch="false" />
              </lines>
            </method>
            <method name=".ctor" signature="(System.String)" line-rate="0" branch-rate="1" complexity="1">
              <lines>
                <line number="116" hits="0" branch="false" />
              </lines>
            </method>
            <method name=".ctor" signature="(System.String,System.String)" line-rate="0" branch-rate="1" complexity="1">
              <lines>
                <line number="124" hits="0" branch="false" />
              </lines>
            </method>
            <method name="get_SourceFile" signature="()" line-rate="0" branch-rate="1" complexity="1">
              <lines>
                <line number="129" hits="0" branch="false" />
              </lines>
            </method>
            <method name="get_Name" signature="()" line-rate="0" branch-rate="1" complexity="1">
              <lines>
                <line number="130" hits="0" branch="false" />
              </lines>
            </method>
            <method name="get_Functions" signature="()" line-rate="0" branch-rate="1" complexity="1">
              <lines>
                <line number="132" hits="0" branch="false" />
              </lines>
            </method>
            <method name="AddFunction" signature="(GameVM.Compiler.Core.IR.HighLevelIR/Function)" line-rate="0" branch-rate="1" complexity="1">
              <lines>
                <line number="141" hits="0" branch="false" />
                <line number="142" hits="0" branch="false" />
                <line number="143" hits="0" branch="false" />
              </lines>
            </method>
            <method name=".ctor" signature="(System.String,System.String)" line-rate="0" branch-rate="1" complexity="1">
              <lines>
                <line number="131" hits="0" branch="false" />
                <line number="132" hits="0" branch="false" />
                <line number="134" hits="0" branch="false" />
                <line number="135" hits="0" branch="false" />
                <line number="136" hits="0" branch="false" />
                <line number="137" hits="0" branch="false" />
                <line number="138" hits="0" branch="false" />
              </lines>
            </method>
            <method name="get_Statements" signature="()" line-rate="0" branch-rate="1" complexity="1">
              <lines>
                <line number="148" hits="0" branch="false" />
              </lines>
            </method>
            <method name="AddStatement" signature="(GameVM.Compiler.Core.IR.HighLevelIR/Statement)" line-rate="0" branch-rate="1" complexity="1">
              <lines>
                <line number="161" hits="0" branch="false" />
                <line number="162" hits="0" branch="false" />
                <line number="163" hits="0" branch="false" />
              </lines>
            </method>
            <method name=".ctor" signature="()" line-rate="0" branch-rate="1" complexity="1">
              <lines>
                <line number="150" hits="0" branch="false" />
              </lines>
            </method>
            <method name=".ctor" signature="(System.String)" line-rate="0" branch-rate="1" complexity="1">
              <lines>
                <line number="151" hits="0" branch="false" />
                <line number="152" hits="0" branch="false" />
                <line number="153" hits="0" branch="false" />
              </lines>
            </method>
            <method name=".ctor" signature="(System.String,System.Collections.Generic.List`1&lt;GameVM.Compiler.Core.IR.HighLevelIR/Statement&gt;)" line-rate="0" branch-rate="1" complexity="1">
              <lines>
                <line number="155" hits="0" branch="false" />
                <line number="156" hits="0" branch="false" />
                <line number="157" hits="0" branch="false" />
                <line number="158" hits="0" branch="false" />
              </lines>
            </method>
            <method name="get_SourceFile" signature="()" line-rate="0" branch-rate="1" complexity="1">
              <lines>
                <line number="168" hits="0" branch="false" />
              </lines>
            </method>
            <method name=".ctor" signature="()" line-rate="0" branch-rate="1" complexity="1">
              <lines>
                <line number="170" hits="0" branch="false" />
              </lines>
            </method>
            <method name=".ctor" signature="(System.String)" line-rate="0" branch-rate="1" complexity="1">
              <lines>
                <line number="171" hits="0" branch="false" />
                <line number="172" hits="0" branch="false" />
                <line number="173" hits="0" branch="false" />
                <line number="174" hits="0" branch="false" />
              </lines>
            </method>
            <method name="get_SourceFile" signature="()" line-rate="0" branch-rate="1" complexity="1">
              <lines>
                <line number="179" hits="0" branch="false" />
              </lines>
            </method>
            <method name="get_ReturnType" signature="()" line-rate="0" branch-rate="1" complexity="1">
              <lines>
                <line number="180" hits="0" branch="false" />
              </lines>
            </method>
            <method name="get_Body" signature="()" line-rate="0" branch-rate="1" complexity="1">
              <lines>
                <line number="181" hits="0" branch="false" />
              </lines>
            </method>
            <method name="get_Parameters" signature="()" line-rate="0" branch-rate="1" complexity="1">
              <lines>
                <line number="182" hits="0" branch="false" />
              </lines>
            </method>
            <method name="AddParameter" signature="(GameVM.Compiler.Core.IR.HighLevelIR/Parameter)" line-rate="0" branch-rate="1" complexity="1">
              <lines>
                <line number="206" hits="0" branch="false" />
                <line number="207" hits="0" branch="false" />
                <line number="208" hits="0" branch="false" />
              </lines>
            </method>
            <method name=".ctor" signature="()" line-rate="0" branch-rate="1" complexity="1">
              <lines>
                <line number="184" hits="0" branch="false" />
                <line number="185" hits="0" branch="false" />
                <line number="186" hits="0" branch="false" />
                <line number="187" hits="0" branch="false" />
              </lines>
            </method>
            <method name=".ctor" signature="(System.String,System.String,GameVM.Compiler.Core.IR.HighLevelIR/HlType,GameVM.Compiler.Core.IR.HighLevelIR/Block)" line-rate="0" branch-rate="1" complexity="1">
              <lines>
                <line number="189" hits="0" branch="false" />
                <line number="190" hits="0" branch="false" />
                <line number="191" hits="0" branch="false" />
                <line number="192" hits="0" branch="false" />
                <line number="193" hits="0" branch="false" />
                <line number="194" hits="0" branch="false" />
                <line number="195" hits="0" branch="false" />
              </lines>
            </method>
            <method name=".ctor" signature="(System.String,System.String,System.String,GameVM.Compiler.Core.IR.HighLevelIR/Block)" line-rate="0" branch-rate="1" complexity="1">
              <lines>
                <line number="197" hits="0" branch="false" />
                <line number="198" hits="0" branch="false" />
                <line number="199" hits="0" branch="false" />
                <line number="200" hits="0" branch="false" />
                <line number="201" hits="0" branch="false" />
                <line number="202" hits="0" branch="false" />
                <line number="203" hits="0" branch="false" />
              </lines>
            </method>
            <method name="get_Name" signature="()" line-rate="0" branch-rate="1" complexity="1">
              <lines>
                <line number="213" hits="0" branch="false" />
              </lines>
            </method>
            <method name="get_Type" signature="()" line-rate="0" branch-rate="1" complexity="1">
              <lines>
                <line number="214" hits="0" branch="false" />
              </lines>
            </method>
            <method name="get_SourceFile" signature="()" line-rate="0" branch-rate="1" complexity="1">
              <lines>
                <line number="215" hits="0" branch="false" />
              </lines>
            </method>
            <method name=".ctor" signature="(System.String,GameVM.Compiler.Core.IR.HighLevelIR/HlType,System.String)" line-rate="0" branch-rate="1" complexity="1">
              <lines>
                <line number="217" hits="0" branch="false" />
                <line number="218" hits="0" branch="false" />
                <line number="219" hits="0" branch="false" />
                <line number="220" hits="0" branch="false" />
                <line number="221" hits="0" branch="false" />
                <line number="222" hits="0" branch="false" />
              </lines>
            </method>
            <method name=".ctor" signature="(System.String,System.String,System.String)" line-rate="0" branch-rate="1" complexity="1">
              <lines>
                <line number="224" hits="0" branch="false" />
                <line number="225" hits="0" branch="false" />
                <line number="226" hits="0" branch="false" />
                <line number="227" hits="0" branch="false" />
                <line number="228" hits="0" branch="false" />
                <line number="229" hits="0" branch="false" />
              </lines>
            </method>
            <method name=".ctor" signature="(System.String,System.String)" line-rate="0" branch-rate="1" complexity="1">
              <lines>
                <line number="231" hits="0" branch="false" />
              </lines>
            </method>
            <method name="get_SourceFile" signature="()" line-rate="0" branch-rate="1" complexity="1">
              <lines>
                <line number="236" hits="0" branch="false" />
              </lines>
            </method>
            <method name="get_Type" signature="()" line-rate="0" branch-rate="1" complexity="1">
              <lines>
                <line number="237" hits="0" branch="false" />
              </lines>
            </method>
            <method name=".ctor" signature="()" line-rate="0" branch-rate="1" complexity="1">
              <lines>
                <line number="239" hits="0" branch="false" />
              </lines>
            </method>
            <method name=".ctor" signature="(System.String)" line-rate="0" branch-rate="1" complexity="1">
              <lines>
                <line number="240" hits="0" branch="false" />
                <line number="241" hits="0" branch="false" />
                <line number="242" hits="0" branch="false" />
              </lines>
            </method>
            <method name="get_Target" signature="()" line-rate="0" branch-rate="1" complexity="1">
              <lines>
                <line number="247" hits="0" branch="false" />
              </lines>
            </method>
            <method name="get_Value" signature="()" line-rate="0" branch-rate="1" complexity="1">
              <lines>
                <line number="248" hits="0" branch="false" />
              </lines>
            </method>
            <method name=".ctor" signature="()" line-rate="0" branch-rate="1" complexity="1">
              <lines>
                <line number="250" hits="0" branch="false" />
              </lines>
            </method>
            <method name=".ctor" signature="(System.String,GameVM.Compiler.Core.IR.HighLevelIR/Expression,System.String)" line-rate="0" branch-rate="1" complexity="1">
              <lines>
                <line number="251" hits="0" branch="false" />
                <line number="252" hits="0" branch="false" />
                <line number="253" hits="0" branch="false" />
                <line number="254" hits="0" branch="false" />
                <line number="255" hits="0" branch="false" />
              </lines>
            </method>
            <method name=".ctor" signature="(System.String,GameVM.Compiler.Core.IR.HighLevelIR/Expression)" line-rate="0" branch-rate="1" complexity="1">
              <lines>
                <line number="257" hits="0" branch="false" />
              </lines>
            </method>
            <method name=".ctor" signature="(GameVM.Compiler.Core.IR.HighLevelIR/Expression,GameVM.Compiler.Core.IR.HighLevelIR/Expression,System.String)" line-rate="0" branch-rate="0" complexity="4">
              <lines>
                <line number="259" hits="0" branch="false" />
                <line number="260" hits="0" branch="false" />
                <line number="261" hits="0" branch="true" condition-coverage="0% (0/4)" />
                <line number="262" hits="0" branch="false" />
                <line number="263" hits="0" branch="false" />
              </lines>
            </method>
            <method name="get_Value" signature="()" line-rate="0" branch-rate="1" complexity="1">
              <lines>
                <line number="268" hits="0" branch="false" />
              </lines>
            </method>
            <method name=".ctor" signature="()" line-rate="0" branch-rate="1" complexity="1">
              <lines>
                <line number="270" hits="0" branch="false" />
              </lines>
            </method>
            <method name=".ctor" signature="(GameVM.Compiler.Core.IR.HighLevelIR/Expression)" line-rate="0" branch-rate="0" complexity="4">
              <lines>
                <line number="271" hits="0" branch="true" condition-coverage="0% (0/4)" />
                <line number="272" hits="0" branch="false" />
                <line number="273" hits="0" branch="false" />
                <line number="274" hits="0" branch="false" />
              </lines>
            </method>
            <method name=".ctor" signature="()" line-rate="0" branch-rate="1" complexity="1">
              <lines>
                <line number="279" hits="0" branch="false" />
              </lines>
            </method>
            <method name=".ctor" signature="(GameVM.Compiler.Core.IR.HighLevelIR/Expression)" line-rate="0" branch-rate="1" complexity="1">
              <lines>
                <line number="280" hits="0" branch="false" />
              </lines>
            </method>
            <method name="get_Condition" signature="()" line-rate="0" branch-rate="1" complexity="1">
              <lines>
                <line number="285" hits="0" branch="false" />
              </lines>
            </method>
            <method name="GetThenBlock" signature="()" line-rate="0" branch-rate="1" complexity="1">
              <lines>
                <line number="289" hits="0" branch="false" />
              </lines>
            </method>
            <method name="GetElseBlock" signature="()" line-rate="0" branch-rate="1" complexity="1">
              <lines>
                <line number="290" hits="0" branch="false" />
              </lines>
            </method>
            <method name="SetThenBlock" signature="(System.Collections.Generic.List`1&lt;GameVM.Compiler.Core.IR.IRNode&gt;)" line-rate="0" branch-rate="1" complexity="1">
              <lines>
                <line number="291" hits="0" branch="false" />
              </lines>
            </method>
            <method name="SetElseBlock" signature="(System.Collections.Generic.List`1&lt;GameVM.Compiler.Core.IR.IRNode&gt;)" line-rate="0" branch-rate="1" complexity="1">
              <lines>
                <line number="292" hits="0" branch="false" />
              </lines>
            </method>
            <method name="GetThenBlockAsBlock" signature="()" line-rate="0" branch-rate="1" complexity="1">
              <lines>
                <line number="294" hits="0" branch="false" />
              </lines>
            </method>
            <method name="GetElseBlockAsBlock" signature="()" line-rate="0" branch-rate="0" complexity="2">
              <lines>
                <line number="295" hits="0" branch="true" condition-coverage="0% (0/2)" />
              </lines>
            </method>
            <method name="SetThenBlockFromBlock" signature="(GameVM.Compiler.Core.IR.HighLevelIR/Block)" line-rate="0" branch-rate="1" complexity="1">
              <lines>
                <line number="296" hits="0" branch="false" />
              </lines>
            </method>
            <method name="SetElseBlockFromBlock" signature="(GameVM.Compiler.Core.IR.HighLevelIR/Block)" line-rate="0" branch-rate="0" complexity="2">
              <lines>
                <line number="297" hits="0" branch="true" condition-coverage="0% (0/2)" />
              </lines>
            </method>
            <method name=".ctor" signature="()" line-rate="0" branch-rate="0" complexity="1">
              <lines>
                <line number="286" hits="0" branch="false" />
                <line number="289" hits="0" branch="false" />
                <line number="290" hits="0" branch="false" />
                <line number="291" hits="0" branch="false" />
                <line number="292" hits="0" branch="false" />
                <line number="294" hits="0" branch="false" />
                <line number="295" hits="0" branch="true" condition-coverage="0% (0/2)" />
                <line number="296" hits="0" branch="false" />
                <line number="297" hits="0" branch="true" condition-coverage="0% (0/2)" />
                <line number="299" hits="0" branch="false" />
              </lines>
            </method>
            <method name=".ctor" signature="(GameVM.Compiler.Core.IR.HighLevelIR/Expression,System.Collections.Generic.List`1&lt;GameVM.Compiler.Core.IR.IRNode&gt;,System.Collections.Generic.List`1&lt;GameVM.Compiler.Core.IR.IRNode&gt;)" line-rate="0" branch-rate="1" complexity="1">
              <lines>
                <line number="301" hits="0" branch="false" />
                <line number="302" hits="0" branch="false" />
                <line number="303" hits="0" branch="false" />
                <line number="304" hits="0" branch="false" />
                <line number="305" hits="0" branch="false" />
                <line number="306" hits="0" branch="false" />
              </lines>
            </method>
            <method name=".ctor" signature="()" line-rate="0" branch-rate="1" complexity="1">
              <lines>
                <line number="311" hits="0" branch="false" />
              </lines>
            </method>
            <method name=".ctor" signature="(GameVM.Compiler.Core.IR.HighLevelIR/Expression,System.Collections.Generic.List`1&lt;GameVM.Compiler.Core.IR.IRNode&gt;,System.Collections.Generic.List`1&lt;GameVM.Compiler.Core.IR.IRNode&gt;)" line-rate="0" branch-rate="1" complexity="1">
              <lines>
                <line number="313" hits="0" branch="false" />
              </lines>
            </method>
            <method name="get_Condition" signature="()" line-rate="0" branch-rate="1" complexity="1">
              <lines>
                <line number="318" hits="0" branch="false" />
              </lines>
            </method>
            <method name="get_Body" signature="()" line-rate="0" branch-rate="1" complexity="1">
              <lines>
                <line number="319" hits="0" branch="false" />
              </lines>
            </method>
            <method name=".ctor" signature="()" line-rate="0" branch-rate="1" complexity="1">
              <lines>
                <line number="321" hits="0" branch="false" />
              </lines>
            </method>
            <method name="get_Iterator" signature="()" line-rate="0" branch-rate="1" complexity="1">
              <lines>
                <line number="326" hits="0" branch="false" />
              </lines>
            </method>
            <method name="get_InitialValue" signature="()" line-rate="0" branch-rate="1" complexity="1">
              <lines>
                <line number="327" hits="0" branch="false" />
              </lines>
            </method>
            <method name="get_LimitValue" signature="()" line-rate="0" branch-rate="1" complexity="1">
              <lines>
                <line number="328" hits="0" branch="false" />
              </lines>
            </method>
            <method name="get_Ascending" signature="()" line-rate="0" branch-rate="1" complexity="1">
              <lines>
                <line number="329" hits="0" branch="false" />
              </lines>
            </method>
            <method name="get_Body" signature="()" line-rate="0" branch-rate="1" complexity="1">
              <lines>
                <line number="330" hits="0" branch="false" />
              </lines>
            </method>
            <method name=".ctor" signature="()" line-rate="0" branch-rate="1" complexity="1">
              <lines>
                <line number="332" hits="0" branch="false" />
              </lines>
            </method>
            <method name=".ctor" signature="(System.String,GameVM.Compiler.Core.IR.HighLevelIR/Expression,GameVM.Compiler.Core.IR.HighLevelIR/Expression,System.Boolean,GameVM.Compiler.Core.IR.HighLevelIR/Block,System.String)" line-rate="0" branch-rate="1" complexity="1">
              <lines>
                <line number="334" hits="0" branch="false" />
                <line number="335" hits="0" branch="false" />
                <line number="336" hits="0" branch="false" />
                <line number="337" hits="0" branch="false" />
                <line number="338" hits="0" branch="false" />
                <line number="339" hits="0" branch="false" />
                <line number="340" hits="0" branch="false" />
                <line number="341" hits="0" branch="false" />
              </lines>
            </method>
            <method name="get_Condition" signature="()" line-rate="0" branch-rate="1" complexity="1">
              <lines>
                <line number="346" hits="0" branch="false" />
              </lines>
            </method>
            <method name="get_Body" signature="()" line-rate="0" branch-rate="1" complexity="1">
              <lines>
                <line number="347" hits="0" branch="false" />
              </lines>
            </method>
            <method name=".ctor" signature="()" line-rate="0" branch-rate="1" complexity="1">
              <lines>
                <line number="349" hits="0" branch="false" />
              </lines>
            </method>
            <method name=".ctor" signature="(GameVM.Compiler.Core.IR.HighLevelIR/Expression,GameVM.Compiler.Core.IR.HighLevelIR/Block,System.String)" line-rate="0" branch-rate="1" complexity="1">
              <lines>
                <line number="350" hits="0" branch="false" />
                <line number="351" hits="0" branch="false" />
                <line number="352" hits="0" branch="false" />
                <line number="353" hits="0" branch="false" />
                <line number="354" hits="0" branch="false" />
              </lines>
            </method>
[...]
              <lines>
                <line number="248" hits="0" branch="false" />
                <line number="250" hits="0" branch="true" condition-coverage="0% (0/8)" />
                <line number="251" hits="0" branch="false" />
                <line number="252" hits="0" branch="true" condition-coverage="0% (0/2)" />
                <line number="254" hits="0" branch="false" />
                <line number="255" hits="0" branch="false" />
              </lines>
            </method>
            <method name="GetBinaryOpValue" signature="(GameVM.Compiler.Core.IR.HighLevelIR/BinaryOp)" line-rate="0" branch-rate="0" complexity="2">
              <lines>
                <line number="258" hits="0" branch="false" />
                <line number="259" hits="0" branch="false" />
                <line number="260" hits="0" branch="false" />
                <line number="262" hits="0" branch="false" />
                <line number="263" hits="0" branch="true" condition-coverage="0% (0/2)" />
                <line number="264" hits="0" branch="false" />
              </lines>
            </method>
            <method name="TryConstantFolding" signature="(System.String,System.String,System.String)" line-rate="0" branch-rate="0" complexity="16">
              <lines>
                <line number="267" hits="0" branch="false" />
                <line number="268" hits="0" branch="true" condition-coverage="0% (0/4)" />
                <line number="269" hits="0" branch="false" />
                <line number="271" hits="0" branch="true" condition-coverage="0% (0/10)" />
                <line number="272" hits="0" branch="false" />
                <line number="273" hits="0" branch="false" />
                <line number="274" hits="0" branch="false" />
                <line number="275" hits="0" branch="false" />
                <line number="276" hits="0" branch="true" condition-coverage="0% (0/2)" />
                <line number="277" hits="0" branch="false" />
                <line number="278" hits="0" branch="false" />
                <line number="279" hits="0" branch="false" />
              </lines>
            </method>
          </methods>
          <lines>
            <line number="12" hits="0" branch="false" />
            <line number="13" hits="0" branch="false" />
            <line number="14" hits="0" branch="false" />
            <line number="15" hits="0" branch="false" />
            <line number="17" hits="0" branch="false" />
            <line number="18" hits="0" branch="false" />
            <line number="19" hits="0" branch="false" />
            <line number="21" hits="0" branch="false" />
            <line number="22" hits="0" branch="false" />
            <line number="25" hits="0" branch="false" />
            <line number="26" hits="0" branch="true" condition-coverage="0% (0/2)" />
            <line number="27" hits="0" branch="false" />
            <line number="28" hits="0" branch="false" />
            <line number="29" hits="0" branch="false" />
            <line number="30" hits="0" branch="false" />
            <line number="33" hits="0" branch="false" />
            <line number="34" hits="0" branch="true" condition-coverage="0% (0/4)" />
            <line number="35" hits="0" branch="false" />
            <line number="37" hits="0" branch="true" condition-coverage="0% (0/2)" />
            <line number="38" hits="0" branch="false" />
            <line number="39" hits="0" branch="true" condition-coverage="0% (0/2)" />
            <line number="40" hits="0" branch="false" />
            <line number="42" hits="0" branch="false" />
            <line number="43" hits="0" branch="false" />
            <line number="44" hits="0" branch="false" />
            <line number="45" hits="0" branch="false" />
            <line number="48" hits="0" branch="false" />
            <line number="49" hits="0" branch="true" condition-coverage="0% (0/4)" />
            <line number="50" hits="0" branch="false" />
            <line number="51" hits="0" branch="false" />
            <line number="52" hits="0" branch="false" />
            <line number="55" hits="0" branch="false" />
            <line number="56" hits="0" branch="false" />
            <line number="58" hits="0" branch="true" condition-coverage="0% (0/2)" />
            <line number="59" hits="0" branch="false" />
            <line number="60" hits="0" branch="false" />
            <line number="61" hits="0" branch="false" />
            <line number="62" hits="0" branch="false" />
            <line number="64" hits="0" branch="false" />
            <line number="65" hits="0" branch="false" />
            <line number="68" hits="0" branch="false" />
            <line number="69" hits="0" branch="false" />
            <line number="70" hits="0" branch="false" />
            <line number="71" hits="0" branch="false" />
            <line number="72" hits="0" branch="false" />
            <line number="75" hits="0" branch="false" />
            <line number="77" hits="0" branch="true" condition-coverage="0% (0/2)" />
            <line number="78" hits="0" branch="false" />
            <line number="80" hits="0" branch="false" />
            <line number="82" hits="0" branch="true" condition-coverage="0% (0/2)" />
            <line number="83" hits="0" branch="false" />
            <line number="84" hits="0" branch="false" />
            <line number="85" hits="0" branch="false" />
            <line number="86" hits="0" branch="false" />
            <line number="87" hits="0" branch="false" />
            <line number="89" hits="0" branch="false" />
            <line number="92" hits="0" branch="false" />
            <line number="93" hits="0" branch="false" />
            <line number="94" hits="0" branch="true" condition-coverage="0% (0/2)" />
            <line number="95" hits="0" branch="false" />
            <line number="96" hits="0" branch="false" />
            <line number="97" hits="0" branch="false" />
            <line number="98" hits="0" branch="false" />
            <line number="99" hits="0" branch="false" />
            <line number="100" hits="0" branch="false" />
            <line number="103" hits="0" branch="false" />
            <line number="104" hits="0" branch="true" condition-coverage="0% (0/2)" />
            <line number="105" hits="0" branch="false" />
            <line number="106" hits="0" branch="false" />
            <line number="107" hits="0" branch="false" />
            <line number="108" hits="0" branch="false" />
            <line number="111" hits="0" branch="false" />
            <line number="112" hits="0" branch="true" condition-coverage="0% (0/12)" />
            <line number="115" hits="0" branch="false" />
            <line number="116" hits="0" branch="false" />
            <line number="118" hits="0" branch="false" />
            <line number="119" hits="0" branch="false" />
            <line number="121" hits="0" branch="false" />
            <line number="122" hits="0" branch="false" />
            <line number="124" hits="0" branch="false" />
            <line number="125" hits="0" branch="false" />
            <line number="127" hits="0" branch="false" />
            <line number="128" hits="0" branch="false" />
            <line number="130" hits="0" branch="false" />
            <line number="131" hits="0" branch="false" />
            <line number="133" hits="0" branch="false" />
            <line number="136" hits="0" branch="false" />
            <line number="137" hits="0" branch="false" />
            <line number="138" hits="0" branch="false" />
            <line number="139" hits="0" branch="false" />
            <line number="140" hits="0" branch="false" />
            <line number="141" hits="0" branch="false" />
            <line number="142" hits="0" branch="false" />
            <line number="145" hits="0" branch="false" />
            <line number="146" hits="0" branch="true" condition-coverage="0% (0/2)" />
            <line number="147" hits="0" branch="false" />
            <line number="148" hits="0" branch="false" />
            <line number="149" hits="0" branch="false" />
            <line number="150" hits="0" branch="false" />
            <line number="151" hits="0" branch="false" />
            <line number="152" hits="0" branch="false" />
            <line number="153" hits="0" branch="false" />
            <line number="154" hits="0" branch="false" />
            <line number="155" hits="0" branch="false" />
            <line number="156" hits="0" branch="false" />
            <line number="159" hits="0" branch="false" />
            <line number="160" hits="0" branch="true" condition-coverage="0% (0/2)" />
            <line number="161" hits="0" branch="false" />
            <line number="164" hits="0" branch="false" />
            <line number="165" hits="0" branch="false" />
            <line number="166" hits="0" branch="false" />
            <line number="167" hits="0" branch="false" />
            <line number="169" hits="0" branch="false" />
            <line number="170" hits="0" branch="false" />
            <line number="173" hits="0" branch="false" />
            <line number="174" hits="0" branch="false" />
            <line number="176" hits="0" branch="true" condition-coverage="0% (0/2)" />
            <line number="177" hits="0" branch="false" />
            <line number="178" hits="0" branch="false" />
            <line number="179" hits="0" branch="false" />
            <line number="181" hits="0" branch="false" />
            <line number="182" hits="0" branch="false" />
            <line number="183" hits="0" branch="false" />
            <line number="184" hits="0" branch="false" />
            <line number="187" hits="0" branch="false" />
            <line number="188" hits="0" branch="false" />
            <line number="189" hits="0" branch="true" condition-coverage="0% (0/2)" />
            <line number="190" hits="0" branch="false" />
            <line number="193" hits="0" branch="false" />
            <line number="194" hits="0" branch="false" />
            <line number="195" hits="0" branch="false" />
            <line number="196" hits="0" branch="false" />
            <line number="198" hits="0" branch="false" />
            <line number="199" hits="0" branch="true" condition-coverage="0% (0/2)" />
            <line number="200" hits="0" branch="false" />
            <line number="201" hits="0" branch="false" />
            <line number="202" hits="0" branch="false" />
            <line number="204" hits="0" branch="false" />
            <line number="205" hits="0" branch="false" />
            <line number="208" hits="0" branch="false" />
            <line number="209" hits="0" branch="false" />
            <line number="210" hits="0" branch="false" />
            <line number="212" hits="0" branch="false" />
            <line number="213" hits="0" branch="true" condition-coverage="0% (0/2)" />
            <line number="214" hits="0" branch="false" />
            <line number="215" hits="0" branch="false" />
            <line number="216" hits="0" branch="false" />
            <line number="218" hits="0" branch="false" />
            <line number="219" hits="0" branch="false" />
            <line number="222" hits="0" branch="false" />
            <line number="225" hits="0" branch="false" />
            <line number="226" hits="0" branch="false" />
            <line number="229" hits="0" branch="false" />
            <line number="230" hits="0" branch="true" condition-coverage="0% (0/2)" />
            <line number="231" hits="0" branch="false" />
            <line number="233" hits="0" branch="false" />
            <line number="234" hits="0" branch="false" />
            <line number="237" hits="0" branch="false" />
            <line number="238" hits="0" branch="true" condition-coverage="0% (0/6)" />
            <line number="239" hits="0" branch="false" />
            <line number="240" hits="0" branch="true" condition-coverage="0% (0/4)" />
            <line number="241" hits="0" branch="false" />
            <line number="242" hits="0" branch="false" />
            <line number="243" hits="0" branch="false" />
            <line number="244" hits="0" branch="false" />
            <line number="245" hits="0" branch="false" />
            <line number="248" hits="0" branch="false" />
            <line number="250" hits="0" branch="true" condition-coverage="0% (0/8)" />
            <line number="251" hits="0" branch="false" />
            <line number="252" hits="0" branch="true" condition-coverage="0% (0/2)" />
            <line number="254" hits="0" branch="false" />
            <line number="255" hits="0" branch="false" />
            <line number="258" hits="0" branch="false" />
            <line number="259" hits="0" branch="false" />
            <line number="260" hits="0" branch="false" />
            <line number="262" hits="0" branch="false" />
            <line number="263" hits="0" branch="true" condition-coverage="0% (0/2)" />
            <line number="264" hits="0" branch="false" />
            <line number="267" hits="0" branch="false" />
            <line number="268" hits="0" branch="true" condition-coverage="0% (0/4)" />
            <line number="269" hits="0" branch="false" />
            <line number="271" hits="0" branch="true" condition-coverage="0% (0/10)" />
            <line number="272" hits="0" branch="false" />
            <line number="273" hits="0" branch="false" />
            <line number="274" hits="0" branch="false" />
            <line number="275" hits="0" branch="false" />
            <line number="276" hits="0" branch="true" condition-coverage="0% (0/2)" />
            <line number="277" hits="0" branch="false" />
            <line number="278" hits="0" branch="false" />
            <line number="279" hits="0" branch="false" />
          </lines>
        </class>
      </classes>
    </package>
    <package name="GameVM.Compiler.Optimizers.LowLevel" line-rate="0.9210526315789473" branch-rate="0.875" complexity="16">
      <classes>
        <class name="GameVM.Compiler.Optimizers.LowLevel.DefaultLowLevelOptimizer" filename="/home/kenneth/Projects/GameVM/src/GameVM.Compiler.Optimizers.LowLevel/DefaultLowLevelOptimizer.cs" line-rate="0.9210526315789473" branch-rate="0.875" complexity="16">
          <methods>
            <method name="Optimize" signature="(GameVM.Compiler.Core.IR.LowLevelIR,GameVM.Compiler.Core.Enums.OptimizationLevel)" line-rate="0.8125" branch-rate="0.5" complexity="2">
              <lines>
                <line number="24" hits="14" branch="false" />
                <line number="25" hits="14" branch="false" />
                <line number="28" hits="14" branch="false" />
                <line number="29" hits="14" branch="false" />
                <line number="30" hits="14" branch="false" />
                <line number="31" hits="14" branch="false" />
                <line number="32" hits="14" branch="false" />
                <line number="35" hits="14" branch="true" condition-coverage="50% (1/2)" />
                <line number="36" hits="14" branch="false" />
                <line number="38" hits="14" branch="false" />
                <line number="39" hits="14" branch="false" />
                <line number="41" hits="0" branch="false" />
                <line number="43" hits="0" branch="false" />
                <line number="44" hits="0" branch="false" />
                <line number="46" hits="14" branch="false" />
                <line number="47" hits="14" branch="false" />
              </lines>
            </method>
            <method name="RemoveRedundantLoadStores" signature="(System.Collections.Generic.List`1&lt;GameVM.Compiler.Core.IR.LowLevelIR/LLInstruction&gt;)" line-rate="1" branch-rate="0.9285714285714286" complexity="14">
              <lines>
                <line number="54" hits="14" branch="false" />
                <line number="55" hits="14" branch="true" condition-coverage="75% (3/4)" />
                <line number="56" hits="1" branch="false" />
                <line number="58" hits="13" branch="false" />
                <line number="60" hits="13" branch="false" />
                <line number="61" hits="44" branch="true" condition-coverage="100% (2/2)" />
                <line number="62" hits="31" branch="false" />
                <line number="63" hits="31" branch="false" />
                <line number="66" hits="31" branch="true" condition-coverage="100% (4/4)" />
                <line number="67" hits="22" branch="false" />
                <line number="68" hits="22" branch="false" />
                <line number="69" hits="22" branch="true" condition-coverage="100% (4/4)" />
                <line number="70" hits="17" branch="false" />
                <line number="72" hits="17" branch="false" />
                <line number="73" hits="17" branch="false" />
                <line number="74" hits="17" branch="false" />
                <line number="76" hits="5" branch="false" />
                <line number="78" hits="14" branch="false" />
                <line number="79" hits="14" branch="false" />
                <line number="80" hits="14" branch="false" />
                <line number="82" hits="13" branch="false" />
                <line number="83" hits="14" branch="false" />
              </lines>
            </method>
          </methods>
          <lines>
            <line number="24" hits="14" branch="false" />
            <line number="25" hits="14" branch="false" />
            <line number="28" hits="14" branch="false" />
            <line number="29" hits="14" branch="false" />
            <line number="30" hits="14" branch="false" />
            <line number="31" hits="14" branch="false" />
            <line number="32" hits="14" branch="false" />
            <line number="35" hits="14" branch="true" condition-coverage="50% (1/2)" />
            <line number="36" hits="14" branch="false" />
            <line number="38" hits="14" branch="false" />
            <line number="39" hits="14" branch="false" />
            <line number="41" hits="0" branch="false" />
            <line number="43" hits="0" branch="false" />
            <line number="44" hits="0" branch="false" />
            <line number="46" hits="14" branch="false" />
            <line number="47" hits="14" branch="false" />
            <line number="54" hits="14" branch="false" />
            <line number="55" hits="14" branch="true" condition-coverage="75% (3/4)" />
            <line number="56" hits="1" branch="false" />
            <line number="58" hits="13" branch="false" />
            <line number="60" hits="13" branch="false" />
            <line number="61" hits="44" branch="true" condition-coverage="100% (2/2)" />
            <line number="62" hits="31" branch="false" />
            <line number="63" hits="31" branch="false" />
            <line number="66" hits="31" branch="true" condition-coverage="100% (4/4)" />
            <line number="67" hits="22" branch="false" />
            <line number="68" hits="22" branch="false" />
            <line number="69" hits="22" branch="true" condition-coverage="100% (4/4)" />
            <line number="70" hits="17" branch="false" />
            <line number="72" hits="17" branch="false" />
            <line number="73" hits="17" branch="false" />
            <line number="74" hits="17" branch="false" />
            <line number="76" hits="5" branch="false" />
            <line number="78" hits="14" branch="false" />
            <line number="79" hits="14" branch="false" />
            <line number="80" hits="14" branch="false" />
            <line number="82" hits="13" branch="false" />
            <line number="83" hits="14" branch="false" />
          </lines>
        </class>
      </classes>
    </package>
  </packages>
</coverage>